        -:    0:Source:Collatz.c++
        -:    0:Graph:Collatz.gcno
        -:    0:Data:Collatz.gcda
        -:    0:Runs:1
        -:    0:Programs:1
        -:    1:// ----------------------------
        -:    2:// projects/collatz/Collatz.c++
        -:    3:// Copyright (C) 2016
        -:    4:// Glenn P. Downing
        -:    5:// ----------------------------
        -:    6:
        -:    7:// --------
        -:    8:// includes
        -:    9:// --------
        -:   10:
        -:   11:#include <cassert>  // assert
        -:   12:#include <iostream> // endl, istream, ostream
        -:   13:#include <sstream>  // istringstream
        -:   14:#include <string>   // getline, string
        -:   15:#include <utility>  // make_pair, pair
        -:   16:
        -:   17:// cache size is ~ 2^10
        -:   18:#define C_SIZE 1000000
        -:   19:
        -:   20:#include "Collatz.h"
        -:   21:
        -:   22:using namespace std;
        -:   23:
        -:   24:int cache[C_SIZE];
        -:   25:
        -:   26:// ------------
        -:   27:// collatz_read
        -:   28:// ------------
        -:   29:
function _Z12collatz_readRSiRiS0_ called 19 returned 100% blocks executed 100%
       19:   30:bool collatz_read (istream& r, int& i, int& j) {
       19:   31:    if (!(r >> i))
call    0 returned 100%
call    1 returned 100%
branch  2 taken 16% (fallthrough)
branch  3 taken 84%
        3:   32:        return false;
       16:   33:    r >> j;
call    0 returned 100%
       16:   34:    return true;}
        -:   35:
        -:   36:// ------------
        -:   37:// collatz_eval
        -:   38:// ------------
        -:   39:
function _Z12collatz_evalii called 18 returned 100% blocks executed 100%
       18:   40:int collatz_eval (int i, int j) {
       18:   41:  int lower = i;
       18:   42:  int upper = j;
       18:   43:  int max = 0;
       18:   44:  int count = 0;
        -:   45:  unsigned int y;
        -:   46:
        -:   47:   //Starts the loop at lower value.
       18:   48:  if(i > j) {
branch  0 taken 11% (fallthrough)
branch  1 taken 89%
        2:   49:      lower = j;
        2:   50:      upper = i;
        -:   51:  }
        -:   52:  //Initialize a temporary value that holes the lower value.
       18:   53:  int temp = upper / 2 + 1;
       18:   54:  if(temp > lower)
branch  0 taken 61% (fallthrough)
branch  1 taken 39%
       11:   55:      lower = temp;
   213406:   56:  for(int k = lower; k <= upper; k++) {
branch  0 taken 99% (fallthrough)
branch  1 taken 1%
   213388:   57:      count = 1;
   213388:   58:      y = k;
  3596406:   59:      while(y > 1) {
branch  0 taken 89% (fallthrough)
branch  1 taken 11%
        -:   60:          //make sure that y is within the bound.
  1691509:   61:          if(y > 0 && y < C_SIZE && cache[y] != 0) {
branch  0 taken 100% (fallthrough)
branch  1 taken 0%
branch  2 taken 85% (fallthrough)
branch  3 taken 15%
branch  4 taken 15% (fallthrough)
branch  5 taken 85%
        -:   62:               //if we found the value in the cache, we need to add it.
   213384:   63:              count += cache[y] - 1;
   213384:   64:              y = 1;
        -:   65:          }
        -:   66:          //the simple algorithm for Collatz.
        -:   67:          else {
  1478125:   68:              if(y % 2 == 0)
branch  0 taken 66% (fallthrough)
branch  1 taken 34%
   976735:   69:                  y = y / 2;
        -:   70:              else
   501390:   71:                  y = 3 * y + 1;
  1478125:   72:              count += 1;
        -:   73:          }
        -:   74:      }
        -:   75:       //we need to cache the value of the current set.
   213388:   76:      if(k >= 0 && k < C_SIZE)
branch  0 taken 100% (fallthrough)
branch  1 taken 0%
branch  2 taken 100% (fallthrough)
branch  3 taken 0%
   213388:   77:          cache[k] = count;
        -:   78:       //count = max.
   213388:   79:      if(count > max)
branch  0 taken 1% (fallthrough)
branch  1 taken 99%
      100:   80:          max = count;
        -:   81:  }
       18:   82:  return max;
        -:   83:}
        -:   84:
        -:   85:// -------------
        -:   86:// collatz_print
        -:   87:// -------------
        -:   88:
function _Z13collatz_printRSoiii called 15 returned 100% blocks executed 100%
       15:   89:void collatz_print (ostream& w, int i, int j, int v) {
       15:   90:    w << i << " " << j << " " << v << endl;}
call    0 returned 100%
call    1 returned 100%
call    2 returned 100%
call    3 returned 100%
call    4 returned 100%
call    5 returned 100%
        -:   91:
        -:   92:// -------------
        -:   93:// collatz_solve
        -:   94:// -------------
        -:   95:
function _Z13collatz_solveRSiRSo called 3 returned 100% blocks executed 100%
       15:   96:void collatz_solve (istream& r, ostream& w) {
        -:   97:    int i;
        -:   98:    int j;
       27:   99:    while (collatz_read(r, i, j)) {
call    0 returned 100%
branch  1 taken 100% (fallthrough)
branch  2 taken 0% (throw)
branch  3 taken 80% (fallthrough)
branch  4 taken 20%
       12:  100:        const int v = collatz_eval(i, j);
call    0 returned 100%
function _GLOBAL__sub_I_cache called 1 returned 100% blocks executed 100%
function _Z41__static_initialization_and_destruction_0ii called 1 returned 100% blocks executed 100%
       18:  101:        collatz_print(w, i, j, v);}}
call    0 returned 100%
branch  1 taken 100% (fallthrough)
branch  2 taken 0%
branch  3 taken 100% (fallthrough)
branch  4 taken 0%
call    5 returned 100%
branch  6 taken 100% (fallthrough)
branch  7 taken 0% (throw)
